<?xml version="1.0" encoding="UTF-8"?>
<testng-results skipped="0" failed="0" ignored="0" total="20" passed="20">
  <reporter-output>
  </reporter-output>
  <suite name="book-flight-module" duration-ms="57059" started-at="2022-12-01T16:30:55Z" finished-at="2022-12-01T16:31:52Z">
    <groups>
    </groups>
    <test name="book-flight-1" duration-ms="21945" started-at="2022-12-01T16:30:55Z" finished-at="2022-12-01T16:31:17Z">
      <class name="com.newtours.tests.BookFlightTest">
        <test-method status="PASS" signature="setupDriver(org.testng.ITestContext)[pri:0, instance:com.newtours.tests.BookFlightTest@45c8e616]" name="setupDriver" is-config="true" duration-ms="12113" started-at="2022-12-01T16:30:55Z" finished-at="2022-12-01T16:31:07Z">
          <params>
            <param index="0">
              <value>
                <![CDATA[org.testng.TestRunner@77b52d12]]>
              </value>
            </param>
          </params>
          <reporter-output>
          </reporter-output>
        </test-method> <!-- setupDriver -->
        <test-method status="PASS" signature="setupParameters(java.lang.String, java.lang.String)[pri:0, instance:com.newtours.tests.BookFlightTest@45c8e616]" name="setupParameters" is-config="true" duration-ms="1" started-at="2022-12-01T16:31:07Z" depends-on-methods="com.tests.BaseTest.setupDriver" finished-at="2022-12-01T16:31:07Z">
          <params>
            <param index="0">
              <value>
                <![CDATA[1]]>
              </value>
            </param>
            <param index="1">
              <value>
                <![CDATA[$584 USD]]>
              </value>
            </param>
          </params>
          <reporter-output>
          </reporter-output>
        </test-method> <!-- setupParameters -->
        <test-method status="PASS" signature="registrationPageTest()[pri:0, instance:com.newtours.tests.BookFlightTest@45c8e616]" name="registrationPageTest" duration-ms="6646" started-at="2022-12-01T16:31:07Z" finished-at="2022-12-01T16:31:14Z">
          <reporter-output>
          </reporter-output>
        </test-method> <!-- registrationPageTest -->
        <test-method status="PASS" signature="registrationConfirmationPageTest()[pri:0, instance:com.newtours.tests.BookFlightTest@45c8e616]" name="registrationConfirmationPageTest" duration-ms="104" started-at="2022-12-01T16:31:14Z" depends-on-methods="com.newtours.tests.BookFlightTest.registrationPageTest" finished-at="2022-12-01T16:31:14Z">
          <reporter-output>
          </reporter-output>
        </test-method> <!-- registrationConfirmationPageTest -->
        <test-method status="PASS" signature="flightDetailsPageTest()[pri:0, instance:com.newtours.tests.BookFlightTest@45c8e616]" name="flightDetailsPageTest" duration-ms="1600" started-at="2022-12-01T16:31:14Z" depends-on-methods="com.newtours.tests.BookFlightTest.registrationConfirmationPageTest" finished-at="2022-12-01T16:31:15Z">
          <reporter-output>
          </reporter-output>
        </test-method> <!-- flightDetailsPageTest -->
        <test-method status="PASS" signature="findFlightPageTest()[pri:0, instance:com.newtours.tests.BookFlightTest@45c8e616]" name="findFlightPageTest" duration-ms="661" started-at="2022-12-01T16:31:15Z" depends-on-methods="com.newtours.tests.BookFlightTest.flightDetailsPageTest" finished-at="2022-12-01T16:31:16Z">
          <reporter-output>
          </reporter-output>
        </test-method> <!-- findFlightPageTest -->
        <test-method status="PASS" signature="flightConfirmationPageTest()[pri:0, instance:com.newtours.tests.BookFlightTest@45c8e616]" name="flightConfirmationPageTest" duration-ms="325" started-at="2022-12-01T16:31:16Z" depends-on-methods="com.newtours.tests.BookFlightTest.findFlightPageTest" finished-at="2022-12-01T16:31:16Z">
          <reporter-output>
          </reporter-output>
        </test-method> <!-- flightConfirmationPageTest -->
        <test-method status="PASS" signature="quitDriver()[pri:0, instance:com.newtours.tests.BookFlightTest@45c8e616]" name="quitDriver" is-config="true" duration-ms="483" started-at="2022-12-01T16:31:16Z" finished-at="2022-12-01T16:31:17Z">
          <reporter-output>
          </reporter-output>
        </test-method> <!-- quitDriver -->
      </class> <!-- com.newtours.tests.BookFlightTest -->
    </test> <!-- book-flight-1 -->
    <test name="book-flight-2" duration-ms="34580" started-at="2022-12-01T16:30:55Z" finished-at="2022-12-01T16:31:29Z">
      <class name="com.newtours.tests.BookFlightTest">
        <test-method status="PASS" signature="setupDriver(org.testng.ITestContext)[pri:0, instance:com.newtours.tests.BookFlightTest@3ac3fd8b]" name="setupDriver" is-config="true" duration-ms="23774" started-at="2022-12-01T16:30:55Z" finished-at="2022-12-01T16:31:19Z">
          <params>
            <param index="0">
              <value>
                <![CDATA[org.testng.TestRunner@2d554825]]>
              </value>
            </param>
          </params>
          <reporter-output>
          </reporter-output>
        </test-method> <!-- setupDriver -->
        <test-method status="PASS" signature="registrationPageTest()[pri:0, instance:com.newtours.tests.BookFlightTest@3ac3fd8b]" name="registrationPageTest" duration-ms="7567" started-at="2022-12-01T16:31:19Z" finished-at="2022-12-01T16:31:26Z">
          <reporter-output>
          </reporter-output>
        </test-method> <!-- registrationPageTest -->
        <test-method status="PASS" signature="setupParameters(java.lang.String, java.lang.String)[pri:0, instance:com.newtours.tests.BookFlightTest@3ac3fd8b]" name="setupParameters" is-config="true" duration-ms="0" started-at="2022-12-01T16:31:19Z" depends-on-methods="com.tests.BaseTest.setupDriver" finished-at="2022-12-01T16:31:19Z">
          <params>
            <param index="0">
              <value>
                <![CDATA[2]]>
              </value>
            </param>
            <param index="1">
              <value>
                <![CDATA[$1169 USD]]>
              </value>
            </param>
          </params>
          <reporter-output>
          </reporter-output>
        </test-method> <!-- setupParameters -->
        <test-method status="PASS" signature="registrationConfirmationPageTest()[pri:0, instance:com.newtours.tests.BookFlightTest@3ac3fd8b]" name="registrationConfirmationPageTest" duration-ms="123" started-at="2022-12-01T16:31:26Z" depends-on-methods="com.newtours.tests.BookFlightTest.registrationPageTest" finished-at="2022-12-01T16:31:26Z">
          <reporter-output>
          </reporter-output>
        </test-method> <!-- registrationConfirmationPageTest -->
        <test-method status="PASS" signature="flightDetailsPageTest()[pri:0, instance:com.newtours.tests.BookFlightTest@3ac3fd8b]" name="flightDetailsPageTest" duration-ms="1728" started-at="2022-12-01T16:31:26Z" depends-on-methods="com.newtours.tests.BookFlightTest.registrationConfirmationPageTest" finished-at="2022-12-01T16:31:28Z">
          <reporter-output>
          </reporter-output>
        </test-method> <!-- flightDetailsPageTest -->
        <test-method status="PASS" signature="findFlightPageTest()[pri:0, instance:com.newtours.tests.BookFlightTest@3ac3fd8b]" name="findFlightPageTest" duration-ms="596" started-at="2022-12-01T16:31:28Z" depends-on-methods="com.newtours.tests.BookFlightTest.flightDetailsPageTest" finished-at="2022-12-01T16:31:29Z">
          <reporter-output>
          </reporter-output>
        </test-method> <!-- findFlightPageTest -->
        <test-method status="PASS" signature="flightConfirmationPageTest()[pri:0, instance:com.newtours.tests.BookFlightTest@3ac3fd8b]" name="flightConfirmationPageTest" duration-ms="318" started-at="2022-12-01T16:31:29Z" depends-on-methods="com.newtours.tests.BookFlightTest.findFlightPageTest" finished-at="2022-12-01T16:31:29Z">
          <reporter-output>
          </reporter-output>
        </test-method> <!-- flightConfirmationPageTest -->
        <test-method status="PASS" signature="quitDriver()[pri:0, instance:com.newtours.tests.BookFlightTest@3ac3fd8b]" name="quitDriver" is-config="true" duration-ms="470" started-at="2022-12-01T16:31:29Z" finished-at="2022-12-01T16:31:29Z">
          <reporter-output>
          </reporter-output>
        </test-method> <!-- quitDriver -->
      </class> <!-- com.newtours.tests.BookFlightTest -->
    </test> <!-- book-flight-2 -->
    <test name="book-flight-3" duration-ms="46307" started-at="2022-12-01T16:30:55Z" finished-at="2022-12-01T16:31:41Z">
      <class name="com.newtours.tests.BookFlightTest">
        <test-method status="PASS" signature="setupDriver(org.testng.ITestContext)[pri:0, instance:com.newtours.tests.BookFlightTest@880ec60]" name="setupDriver" is-config="true" duration-ms="36105" started-at="2022-12-01T16:30:55Z" finished-at="2022-12-01T16:31:31Z">
          <params>
            <param index="0">
              <value>
                <![CDATA[org.testng.TestRunner@68837a77]]>
              </value>
            </param>
          </params>
          <reporter-output>
          </reporter-output>
        </test-method> <!-- setupDriver -->
        <test-method status="PASS" signature="setupParameters(java.lang.String, java.lang.String)[pri:0, instance:com.newtours.tests.BookFlightTest@880ec60]" name="setupParameters" is-config="true" duration-ms="0" started-at="2022-12-01T16:31:31Z" depends-on-methods="com.tests.BaseTest.setupDriver" finished-at="2022-12-01T16:31:31Z">
          <params>
            <param index="0">
              <value>
                <![CDATA[3]]>
              </value>
            </param>
            <param index="1">
              <value>
                <![CDATA[$1753 USD]]>
              </value>
            </param>
          </params>
          <reporter-output>
          </reporter-output>
        </test-method> <!-- setupParameters -->
        <test-method status="PASS" signature="registrationPageTest()[pri:0, instance:com.newtours.tests.BookFlightTest@880ec60]" name="registrationPageTest" duration-ms="6976" started-at="2022-12-01T16:31:31Z" finished-at="2022-12-01T16:31:38Z">
          <reporter-output>
          </reporter-output>
        </test-method> <!-- registrationPageTest -->
        <test-method status="PASS" signature="registrationConfirmationPageTest()[pri:0, instance:com.newtours.tests.BookFlightTest@880ec60]" name="registrationConfirmationPageTest" duration-ms="166" started-at="2022-12-01T16:31:38Z" depends-on-methods="com.newtours.tests.BookFlightTest.registrationPageTest" finished-at="2022-12-01T16:31:38Z">
          <reporter-output>
          </reporter-output>
        </test-method> <!-- registrationConfirmationPageTest -->
        <test-method status="PASS" signature="flightDetailsPageTest()[pri:0, instance:com.newtours.tests.BookFlightTest@880ec60]" name="flightDetailsPageTest" duration-ms="1697" started-at="2022-12-01T16:31:38Z" depends-on-methods="com.newtours.tests.BookFlightTest.registrationConfirmationPageTest" finished-at="2022-12-01T16:31:40Z">
          <reporter-output>
          </reporter-output>
        </test-method> <!-- flightDetailsPageTest -->
        <test-method status="PASS" signature="findFlightPageTest()[pri:0, instance:com.newtours.tests.BookFlightTest@880ec60]" name="findFlightPageTest" duration-ms="594" started-at="2022-12-01T16:31:40Z" depends-on-methods="com.newtours.tests.BookFlightTest.flightDetailsPageTest" finished-at="2022-12-01T16:31:40Z">
          <reporter-output>
          </reporter-output>
        </test-method> <!-- findFlightPageTest -->
        <test-method status="PASS" signature="flightConfirmationPageTest()[pri:0, instance:com.newtours.tests.BookFlightTest@880ec60]" name="flightConfirmationPageTest" duration-ms="308" started-at="2022-12-01T16:31:40Z" depends-on-methods="com.newtours.tests.BookFlightTest.findFlightPageTest" finished-at="2022-12-01T16:31:41Z">
          <reporter-output>
          </reporter-output>
        </test-method> <!-- flightConfirmationPageTest -->
        <test-method status="PASS" signature="quitDriver()[pri:0, instance:com.newtours.tests.BookFlightTest@880ec60]" name="quitDriver" is-config="true" duration-ms="458" started-at="2022-12-01T16:31:41Z" finished-at="2022-12-01T16:31:41Z">
          <reporter-output>
          </reporter-output>
        </test-method> <!-- quitDriver -->
      </class> <!-- com.newtours.tests.BookFlightTest -->
    </test> <!-- book-flight-3 -->
    <test name="book-flight-4" duration-ms="57059" started-at="2022-12-01T16:30:55Z" finished-at="2022-12-01T16:31:52Z">
      <class name="com.newtours.tests.BookFlightTest">
        <test-method status="PASS" signature="setupDriver(org.testng.ITestContext)[pri:0, instance:com.newtours.tests.BookFlightTest@57829d67]" name="setupDriver" is-config="true" duration-ms="47609" started-at="2022-12-01T16:30:55Z" finished-at="2022-12-01T16:31:42Z">
          <params>
            <param index="0">
              <value>
                <![CDATA[org.testng.TestRunner@6be46e8f]]>
              </value>
            </param>
          </params>
          <reporter-output>
          </reporter-output>
        </test-method> <!-- setupDriver -->
        <test-method status="PASS" signature="setupParameters(java.lang.String, java.lang.String)[pri:0, instance:com.newtours.tests.BookFlightTest@57829d67]" name="setupParameters" is-config="true" duration-ms="0" started-at="2022-12-01T16:31:42Z" depends-on-methods="com.tests.BaseTest.setupDriver" finished-at="2022-12-01T16:31:42Z">
          <params>
            <param index="0">
              <value>
                <![CDATA[4]]>
              </value>
            </param>
            <param index="1">
              <value>
                <![CDATA[$2338 USD]]>
              </value>
            </param>
          </params>
          <reporter-output>
          </reporter-output>
        </test-method> <!-- setupParameters -->
        <test-method status="PASS" signature="registrationPageTest()[pri:0, instance:com.newtours.tests.BookFlightTest@57829d67]" name="registrationPageTest" duration-ms="6360" started-at="2022-12-01T16:31:42Z" finished-at="2022-12-01T16:31:49Z">
          <reporter-output>
          </reporter-output>
        </test-method> <!-- registrationPageTest -->
        <test-method status="PASS" signature="registrationConfirmationPageTest()[pri:0, instance:com.newtours.tests.BookFlightTest@57829d67]" name="registrationConfirmationPageTest" duration-ms="95" started-at="2022-12-01T16:31:49Z" depends-on-methods="com.newtours.tests.BookFlightTest.registrationPageTest" finished-at="2022-12-01T16:31:49Z">
          <reporter-output>
          </reporter-output>
        </test-method> <!-- registrationConfirmationPageTest -->
        <test-method status="PASS" signature="flightDetailsPageTest()[pri:0, instance:com.newtours.tests.BookFlightTest@57829d67]" name="flightDetailsPageTest" duration-ms="1676" started-at="2022-12-01T16:31:49Z" depends-on-methods="com.newtours.tests.BookFlightTest.registrationConfirmationPageTest" finished-at="2022-12-01T16:31:50Z">
          <reporter-output>
          </reporter-output>
        </test-method> <!-- flightDetailsPageTest -->
        <test-method status="PASS" signature="findFlightPageTest()[pri:0, instance:com.newtours.tests.BookFlightTest@57829d67]" name="findFlightPageTest" duration-ms="556" started-at="2022-12-01T16:31:50Z" depends-on-methods="com.newtours.tests.BookFlightTest.flightDetailsPageTest" finished-at="2022-12-01T16:31:51Z">
          <reporter-output>
          </reporter-output>
        </test-method> <!-- findFlightPageTest -->
        <test-method status="PASS" signature="flightConfirmationPageTest()[pri:0, instance:com.newtours.tests.BookFlightTest@57829d67]" name="flightConfirmationPageTest" duration-ms="299" started-at="2022-12-01T16:31:51Z" depends-on-methods="com.newtours.tests.BookFlightTest.findFlightPageTest" finished-at="2022-12-01T16:31:51Z">
          <reporter-output>
          </reporter-output>
        </test-method> <!-- flightConfirmationPageTest -->
        <test-method status="PASS" signature="quitDriver()[pri:0, instance:com.newtours.tests.BookFlightTest@57829d67]" name="quitDriver" is-config="true" duration-ms="461" started-at="2022-12-01T16:31:51Z" finished-at="2022-12-01T16:31:52Z">
          <reporter-output>
          </reporter-output>
        </test-method> <!-- quitDriver -->
      </class> <!-- com.newtours.tests.BookFlightTest -->
    </test> <!-- book-flight-4 -->
  </suite> <!-- book-flight-module -->
</testng-results>
